2022-10-10 06:46:51 +0000  Initial pipeline context: <IDEDistributionProcessingPipelineContext: 0x503294b20; archive(resolved)="<IDEArchive: 0x5198efb20>", distributionTask(resolved)="2", distributionDestination(resolved)="2", distributionMethod(resolved)="<IDEDistributionMethodiOSAppStoreDistribution: 0x329805590>", team(resolved)="<IDEProvisioningDisambiguatableBasicTeam: 0x4a6091450; teamID='ZJBH884U9D', teamName='Deok Hwan Kim', teamType='Individual', username='tiger1710p@gmail.com', isFreeProvisioningTeam='0'>">
	Chain (16, self inclusive):
	<IDEDistributionProcessingPipelineContext: 0x503294b20; archive = "<IDEArchive: 0x5198efb20>", distributionMethod="<IDEDistributionMethodiOSAppStoreDistribution: 0x329805590>", team="<IDEProvisioningDisambiguatableBasicTeam: 0x4a6091450; teamID='ZJBH884U9D', teamName='Deok Hwan Kim', teamType='Individual', username='tiger1710p@gmail.com', isFreeProvisioningTeam='0'>">
	<IDEDistributionProcessingPipelineContext: 0x5032512a0; archive = "<IDEArchive: 0x5198efb20>", distributionMethod="<IDEDistributionMethodiOSAppStoreDistribution: 0x329805590>", team="<IDEProvisioningDisambiguatableBasicTeam: 0x4a6091450; teamID='ZJBH884U9D', teamName='Deok Hwan Kim', teamType='Individual', username='tiger1710p@gmail.com', isFreeProvisioningTeam='0'>">
	<IDEDistributionContext: 0x4eb5a36d0; archive = "<IDEArchive: 0x5198efb20>", distributionMethod="<IDEDistributionMethodiOSAppStoreDistribution: 0x329805590>", team="<IDEProvisioningDisambiguatableBasicTeam: 0x4a6091450; teamID='ZJBH884U9D', teamName='Deok Hwan Kim', teamType='Individual', username='tiger1710p@gmail.com', isFreeProvisioningTeam='0'>">
	<IDEDistributionContext: 0x51abfbd70; archive = "<IDEArchive: 0x5198efb20>", distributionMethod="<IDEDistributionMethodiOSAppStoreDistribution: 0x329805590>", team="<IDEProvisioningDisambiguatableBasicTeam: 0x4a6091450; teamID='ZJBH884U9D', teamName='Deok Hwan Kim', teamType='Individual', username='tiger1710p@gmail.com', isFreeProvisioningTeam='0'>">
	<IDEDistributionContext: 0x51ab4c8b0; archive = "<IDEArchive: 0x5198efb20>", distributionMethod="<IDEDistributionMethodiOSAppStoreDistribution: 0x329805590>", team="<IDEProvisioningDisambiguatableBasicTeam: 0x4a6091450; teamID='ZJBH884U9D', teamName='Deok Hwan Kim', teamType='Individual', username='tiger1710p@gmail.com', isFreeProvisioningTeam='0'>">
	<IDEDistributionContext: 0x4b50de540; archive = "<IDEArchive: 0x5198efb20>", distributionMethod="<IDEDistributionMethodiOSAppStoreDistribution: 0x329805590>", team="<IDEProvisioningDisambiguatableBasicTeam: 0x4a6091450; teamID='ZJBH884U9D', teamName='Deok Hwan Kim', teamType='Individual', username='tiger1710p@gmail.com', isFreeProvisioningTeam='0'>">
	<IDEDistributionContext: 0x4e202d5d0; archive = "<IDEArchive: 0x5198efb20>", distributionMethod="<IDEDistributionMethodiOSAppStoreDistribution: 0x329805590>", team="<IDEProvisioningDisambiguatableBasicTeam: 0x4a6091450; teamID='ZJBH884U9D', teamName='Deok Hwan Kim', teamType='Individual', username='tiger1710p@gmail.com', isFreeProvisioningTeam='0'>">
	<IDEDistributionContext: 0x4b506eeb0; archive = "<IDEArchive: 0x5198efb20>", distributionMethod="<IDEDistributionMethodiOSAppStoreDistribution: 0x329805590>", team="<IDEProvisioningDisambiguatableBasicTeam: 0x4a6091450; teamID='ZJBH884U9D', teamName='Deok Hwan Kim', teamType='Individual', username='tiger1710p@gmail.com', isFreeProvisioningTeam='0'>">
	<IDEDistributionContext: 0x4b506c5e0; archive = "<IDEArchive: 0x5198efb20>", distributionMethod="<IDEDistributionMethodiOSAppStoreDistribution: 0x329805590>", team="<IDEProvisioningDisambiguatableBasicTeam: 0x4a6091450; teamID='ZJBH884U9D', teamName='Deok Hwan Kim', teamType='Individual', username='tiger1710p@gmail.com', isFreeProvisioningTeam='0'>">
	<IDEDistributionContext: 0x4bddf7580; archive = "<IDEArchive: 0x5198efb20>", distributionMethod="<IDEDistributionMethodiOSAppStoreDistribution: 0x329805590>", team="<IDEProvisioningDisambiguatableBasicTeam: 0x4a6091450; teamID='ZJBH884U9D', teamName='Deok Hwan Kim', teamType='Individual', username='tiger1710p@gmail.com', isFreeProvisioningTeam='0'>">
	<IDEDistributionContext: 0x16acf8d20; archive = "<IDEArchive: 0x5198efb20>", distributionMethod="<IDEDistributionMethodiOSAppStoreDistribution: 0x329805590>", team="<IDEProvisioningDisambiguatableBasicTeam: 0x4a6091450; teamID='ZJBH884U9D', teamName='Deok Hwan Kim', teamType='Individual', username='tiger1710p@gmail.com', isFreeProvisioningTeam='0'>">
	<IDEDistributionContext: 0x2c987ef20; archive = "<IDEArchive: 0x5198efb20>", distributionMethod="<IDEDistributionMethodiOSAppStoreDistribution: 0x329805590>", team="<IDEProvisioningDisambiguatableBasicTeam: 0x4a6091450; teamID='ZJBH884U9D', teamName='Deok Hwan Kim', teamType='Individual', username='tiger1710p@gmail.com', isFreeProvisioningTeam='0'>">
	<IDEDistributionContext: 0x516afb320; archive = "<IDEArchive: 0x5198efb20>", distributionMethod="<IDEDistributionMethodiOSAppStoreDistribution: 0x329805590>", team="<IDEProvisioningDisambiguatableBasicTeam: 0x4a6091450; teamID='ZJBH884U9D', teamName='Deok Hwan Kim', teamType='Individual', username='tiger1710p@gmail.com', isFreeProvisioningTeam='0'>">
	<IDEDistributionContext: 0x516af74f0; archive = "<IDEArchive: 0x5198efb20>", distributionMethod="<IDEDistributionMethodiOSAppStoreDistribution: 0x329805590>", team="(null)">
	<IDEDistributionContext: 0x5198df1e0; archive = "<IDEArchive: 0x5198efb20>", distributionMethod="<IDEDistributionMethodiOSAppStoreDistribution: 0x329805590>", team="(null)">
	<IDEDistributionContext: 0x513d5d840; archive = "<IDEArchive: 0x5198efb20>", distributionMethod="(null)", team="(null)">
</IDEDistributionProcessingPipelineContext: 0x503294b20>
2022-10-10 06:46:51 +0000  Processing step: IDEDistributionCreateDestRootStep
2022-10-10 06:46:51 +0000  Processing step: IDEDistributionCopyItemStep
2022-10-10 06:46:51 +0000  Running /usr/bin/ditto '-V' '/Users/peter/Library/Developer/Xcode/Archives/2022-10-10/boogi-iOS-MVVM 2022-10-10 3.46 PM.xcarchive/Products/Applications/boogi-iOS-MVVM.app' '/var/folders/55/wbyfxh010bqbcgz_bhnf4vd00000gn/T/XcodeDistPipeline.~~~dnnvBG/Root/Payload/boogi-iOS-MVVM.app'
2022-10-10 06:46:51 +0000  >>> Copying /Users/peter/Library/Developer/Xcode/Archives/2022-10-10/boogi-iOS-MVVM 2022-10-10 3.46 PM.xcarchive/Products/Applications/boogi-iOS-MVVM.app 
2022-10-10 06:46:51 +0000  copying file ./_CodeSignature/CodeResources ... 
2022-10-10 06:46:51 +0000  4305 bytes for ./_CodeSignature/CodeResources
2022-10-10 06:46:51 +0000  copying file ./Base.lproj/Main.storyboardc/UIViewController-BYZ-38-t0r.nib ... 
2022-10-10 06:46:51 +0000  938 bytes for ./Base.lproj/Main.storyboardc/UIViewController-BYZ-38-t0r.nib
2022-10-10 06:46:51 +0000  copying file ./Base.lproj/Main.storyboardc/BYZ-38-t0r-view-8bC-Xf-vdC.nib ... 
2022-10-10 06:46:51 +0000  1197 bytes for ./Base.lproj/Main.storyboardc/BYZ-38-t0r-view-8bC-Xf-vdC.nib
2022-10-10 06:46:51 +0000  copying file ./Base.lproj/Main.storyboardc/Info.plist ... 
2022-10-10 06:46:51 +0000  258 bytes for ./Base.lproj/Main.storyboardc/Info.plist
2022-10-10 06:46:51 +0000  copying file ./Base.lproj/LaunchScreen.storyboardc/01J-lp-oVM-view-Ze5-6b-2t3.nib ... 
2022-10-10 06:46:51 +0000  1197 bytes for ./Base.lproj/LaunchScreen.storyboardc/01J-lp-oVM-view-Ze5-6b-2t3.nib
2022-10-10 06:46:51 +0000  copying file ./Base.lproj/LaunchScreen.storyboardc/UIViewController-01J-lp-oVM.nib ... 
2022-10-10 06:46:51 +0000  896 bytes for ./Base.lproj/LaunchScreen.storyboardc/UIViewController-01J-lp-oVM.nib
2022-10-10 06:46:51 +0000  copying file ./Base.lproj/LaunchScreen.storyboardc/Info.plist ... 
2022-10-10 06:46:51 +0000  258 bytes for ./Base.lproj/LaunchScreen.storyboardc/Info.plist
2022-10-10 06:46:51 +0000  copying file ./README.md ... 
2022-10-10 06:46:51 +0000  116 bytes for ./README.md
2022-10-10 06:46:51 +0000  copying file ./.gitignore ... 
2022-10-10 06:46:51 +0000  5758 bytes for ./.gitignore
2022-10-10 06:46:51 +0000  copying file ./embedded.mobileprovision ... 
2022-10-10 06:46:51 +0000  12213 bytes for ./embedded.mobileprovision
2022-10-10 06:46:51 +0000  copying file ./boogi-iOS-MVVM ... 
2022-10-10 06:46:51 +0000  4976160 bytes for ./boogi-iOS-MVVM
copying file ./Info.plist ... 
2022-10-10 06:46:51 +0000  1483 bytes for ./Info.plist
2022-10-10 06:46:51 +0000  copying file ./PkgInfo ... 
2022-10-10 06:46:51 +0000  8 bytes for ./PkgInfo
2022-10-10 06:46:51 +0000  /usr/bin/ditto exited with 0
2022-10-10 06:46:51 +0000  Processing step: IDEDistributionEmbedProfileStep
2022-10-10 06:46:51 +0000  Processing step: IDEDistributionInfoPlistStep
2022-10-10 06:46:51 +0000  Processing step: IDEDistributionItemRemovalStep
2022-10-10 06:46:51 +0000  Processing step: IDEDistributionAppThinningPlistStep
2022-10-10 06:46:51 +0000  Skipping step: IDEDistributionAppThinningPlistStep because it said so
2022-10-10 06:46:51 +0000  Processing step: IDEDistributionCompileBitcodeStep
2022-10-10 06:46:51 +0000  Skipping step: IDEDistributionCompileBitcodeStep because it said so
2022-10-10 06:46:51 +0000  Processing step: IDEDistributionCodeSlimmingStep
2022-10-10 06:46:51 +0000  Running /Applications/Xcode.app/Contents/Developer/Toolchains/XcodeDefault.xctoolchain/usr/bin/bitcode_strip '/var/folders/55/wbyfxh010bqbcgz_bhnf4vd00000gn/T/XcodeDistPipeline.~~~dnnvBG/Root/Payload/boogi-iOS-MVVM.app/boogi-iOS-MVVM' '-l' '-keep_cs' '-o' '/var/folders/55/wbyfxh010bqbcgz_bhnf4vd00000gn/T/XcodeDistPipeline.~~~dnnvBG/Root/Payload/boogi-iOS-MVVM.app/boogi-iOS-MVVM'
2022-10-10 06:46:51 +0000  /Applications/Xcode.app/Contents/Developer/Toolchains/XcodeDefault.xctoolchain/usr/bin/bitcode_strip exited with 0
2022-10-10 06:46:51 +0000  Processing step: IDEDistributionCopyBCSymbolMapsStep
2022-10-10 06:46:51 +0000  Running /usr/bin/ditto '-V' '/Users/peter/Library/Developer/Xcode/Archives/2022-10-10/boogi-iOS-MVVM 2022-10-10 3.46 PM.xcarchive/BCSymbolMaps/53CC2B77-C099-3720-9D4F-84CF0D8B0A47.bcsymbolmap' '/var/folders/55/wbyfxh010bqbcgz_bhnf4vd00000gn/T/XcodeDistPipeline.~~~dnnvBG/Root/BCSymbolMaps/53CC2B77-C099-3720-9D4F-84CF0D8B0A47.bcsymbolmap'
2022-10-10 06:46:51 +0000  >>> Copying /Users/peter/Library/Developer/Xcode/Archives/2022-10-10/boogi-iOS-MVVM 2022-10-10 3.46 PM.xcarchive/BCSymbolMaps/53CC2B77-C099-3720-9D4F-84CF0D8B0A47.bcsymbolmap 
2022-10-10 06:46:51 +0000  copying file ./53CC2B77-C099-3720-9D4F-84CF0D8B0A47.bcsymbolmap ... 
2022-10-10 06:46:51 +0000  1162220 bytes for ./53CC2B77-C099-3720-9D4F-84CF0D8B0A47.bcsymbolmap
2022-10-10 06:46:51 +0000  /usr/bin/ditto exited with 0
2022-10-10 06:46:51 +0000  Processing step: IDEDistributionSymbolsStep
2022-10-10 06:46:51 +0000  Excluding symbols for boogi-iOS-MVVM.app
2022-10-10 06:46:51 +0000  Processing step: IDEDistributionCopyAppleProvidedContentStep
2022-10-10 06:46:51 +0000  Processing step: IDEDistributionAppThinningStep
2022-10-10 06:46:51 +0000  Skipping step: IDEDistributionAppThinningStep because it said so
2022-10-10 06:46:51 +0000  Processing step: IDEDistributionArchThinningStep
2022-10-10 06:46:51 +0000  Running /Applications/Xcode.app/Contents/Developer/Toolchains/XcodeDefault.xctoolchain/usr/bin/lipo '/var/folders/55/wbyfxh010bqbcgz_bhnf4vd00000gn/T/XcodeDistPipeline.~~~dnnvBG/Root/Payload/boogi-iOS-MVVM.app/boogi-iOS-MVVM' '-verify_arch' 'arm64e'
2022-10-10 06:46:51 +0000  /Applications/Xcode.app/Contents/Developer/Toolchains/XcodeDefault.xctoolchain/usr/bin/lipo exited with 1
2022-10-10 06:46:51 +0000  Skipping architecture thinning for item "boogi-iOS-MVVM" because arch "arm64e" wasn't found
2022-10-10 06:46:51 +0000  Processing step: IDEDistributionODRStep
2022-10-10 06:46:51 +0000  Processing step: IDEDistributionStripXattrsStep
2022-10-10 06:46:51 +0000  Running /usr/bin/xattr '-crs' '/var/folders/55/wbyfxh010bqbcgz_bhnf4vd00000gn/T/XcodeDistPipeline.~~~dnnvBG/Root/Payload/boogi-iOS-MVVM.app'
2022-10-10 06:46:51 +0000  /usr/bin/xattr exited with 0
2022-10-10 06:46:51 +0000  Processing step: IDEDistributionCodesignStep
2022-10-10 06:46:51 +0000  Entitlements for <IDEDistributionItem: 0x51cd10bf0; bundleID='boogi.boogi-iOS-MVVM', path='<DVTFilePath:0x5031de790:'/Users/peter/Library/Developer/Xcode/Archives/2022-10-10/boogi-iOS-MVVM 2022-10-10 3.46 PM.xcarchive/Products/Applications/boogi-iOS-MVVM.app'>', codeSigningInfo='<_DVTCodeSigningInformation_Path: 0x4cfa28a60; isSigned='1', isAdHocSigned='0', signingCertificate='<DVTSigningCertificate: 0x494858480; name='Apple Development: Deok Hwan Kim (25ZJV26Q48)', hash='EFAC94FAE7D7057CCD3C6196D4B30E0F69BF3B53', serialNumber='69A1E8D6DF99EFBCD23F6FF233042924', certificateKinds='(
    "1.2.840.113635.100.6.1.12",
    "1.2.840.113635.100.6.1.2"
), issueDate='2022-09-03 00:19:12 +0000''>', entitlements='{
    "application-identifier" = "ZJBH884U9D.boogi.boogi-iOS-MVVM";
    "com.apple.developer.team-identifier" = ZJBH884U9D;
    "get-task-allow" = 1;
}', teamID='ZJBH884U9D', identifier='boogi.boogi-iOS-MVVM', executablePath='<DVTFilePath:0x51ae0c5b0:'/Users/peter/Library/Developer/Xcode/Archives/2022-10-10/boogi-iOS-MVVM 2022-10-10 3.46 PM.xcarchive/Products/Applications/boogi-iOS-MVVM.app/boogi-iOS-MVVM'>', hardenedRuntime='0'>'>: {
    "application-identifier" = "ZJBH884U9D.boogi.boogi-iOS-MVVM";
    "beta-reports-active" = 1;
    "com.apple.developer.team-identifier" = ZJBH884U9D;
    "get-task-allow" = 0;
}
2022-10-10 06:46:51 +0000  Entitlements for <IDEDistributionItem: 0x51cd10bf0; bundleID='boogi.boogi-iOS-MVVM', path='<DVTFilePath:0x5031de790:'/Users/peter/Library/Developer/Xcode/Archives/2022-10-10/boogi-iOS-MVVM 2022-10-10 3.46 PM.xcarchive/Products/Applications/boogi-iOS-MVVM.app'>', codeSigningInfo='<_DVTCodeSigningInformation_Path: 0x4cfa28a60; isSigned='1', isAdHocSigned='0', signingCertificate='<DVTSigningCertificate: 0x51aabe740; name='Apple Development: Deok Hwan Kim (25ZJV26Q48)', hash='EFAC94FAE7D7057CCD3C6196D4B30E0F69BF3B53', serialNumber='69A1E8D6DF99EFBCD23F6FF233042924', certificateKinds='(
    "1.2.840.113635.100.6.1.12",
    "1.2.840.113635.100.6.1.2"
), issueDate='2022-09-03 00:19:12 +0000''>', entitlements='{
    "application-identifier" = "ZJBH884U9D.boogi.boogi-iOS-MVVM";
    "com.apple.developer.team-identifier" = ZJBH884U9D;
    "get-task-allow" = 1;
}', teamID='ZJBH884U9D', identifier='boogi.boogi-iOS-MVVM', executablePath='<DVTFilePath:0x51ae0c5b0:'/Users/peter/Library/Developer/Xcode/Archives/2022-10-10/boogi-iOS-MVVM 2022-10-10 3.46 PM.xcarchive/Products/Applications/boogi-iOS-MVVM.app/boogi-iOS-MVVM'>', hardenedRuntime='0'>'> are: {
    "application-identifier" = "ZJBH884U9D.boogi.boogi-iOS-MVVM";
    "beta-reports-active" = 1;
    "com.apple.developer.team-identifier" = ZJBH884U9D;
    "get-task-allow" = 0;
}
2022-10-10 06:46:51 +0000  Writing entitlements for <IDEDistributionItem: 0x51cd10bf0; bundleID='boogi.boogi-iOS-MVVM', path='<DVTFilePath:0x5031de790:'/Users/peter/Library/Developer/Xcode/Archives/2022-10-10/boogi-iOS-MVVM 2022-10-10 3.46 PM.xcarchive/Products/Applications/boogi-iOS-MVVM.app'>', codeSigningInfo='<_DVTCodeSigningInformation_Path: 0x4cfa28a60; isSigned='1', isAdHocSigned='0', signingCertificate='<DVTSigningCertificate: 0x51aa8e590; name='Apple Development: Deok Hwan Kim (25ZJV26Q48)', hash='EFAC94FAE7D7057CCD3C6196D4B30E0F69BF3B53', serialNumber='69A1E8D6DF99EFBCD23F6FF233042924', certificateKinds='(
    "1.2.840.113635.100.6.1.12",
    "1.2.840.113635.100.6.1.2"
), issueDate='2022-09-03 00:19:12 +0000''>', entitlements='{
    "application-identifier" = "ZJBH884U9D.boogi.boogi-iOS-MVVM";
    "com.apple.developer.team-identifier" = ZJBH884U9D;
    "get-task-allow" = 1;
}', teamID='ZJBH884U9D', identifier='boogi.boogi-iOS-MVVM', executablePath='<DVTFilePath:0x51ae0c5b0:'/Users/peter/Library/Developer/Xcode/Archives/2022-10-10/boogi-iOS-MVVM 2022-10-10 3.46 PM.xcarchive/Products/Applications/boogi-iOS-MVVM.app/boogi-iOS-MVVM'>', hardenedRuntime='0'>'> to: /var/folders/55/wbyfxh010bqbcgz_bhnf4vd00000gn/T/XcodeDistPipeline.~~~dnnvBG/entitlements~~~2Ghrf8
2022-10-10 06:46:51 +0000  Running /usr/bin/codesign '-vvv' '--force' '--sign' '101902AD57C9A1C6904EFC82FC2574950F6087EE' '--entitlements' '/var/folders/55/wbyfxh010bqbcgz_bhnf4vd00000gn/T/XcodeDistPipeline.~~~dnnvBG/entitlements~~~2Ghrf8' '--generate-entitlement-der' '--preserve-metadata=identifier,flags,runtime' '/var/folders/55/wbyfxh010bqbcgz_bhnf4vd00000gn/T/XcodeDistPipeline.~~~dnnvBG/Root/Payload/boogi-iOS-MVVM.app'
2022-10-10 06:46:51 +0000  /var/folders/55/wbyfxh010bqbcgz_bhnf4vd00000gn/T/XcodeDistPipeline.~~~dnnvBG/Root/Payload/boogi-iOS-MVVM.app: replacing existing signature
2022-10-10 06:46:55 +0000  /var/folders/55/wbyfxh010bqbcgz_bhnf4vd00000gn/T/XcodeDistPipeline.~~~dnnvBG/Root/Payload/boogi-iOS-MVVM.app: signed app bundle with Mach-O thin (arm64) [boogi.boogi-iOS-MVVM]
2022-10-10 06:46:55 +0000  /usr/bin/codesign exited with 0
2022-10-10 06:46:55 +0000  Processing step: IDEDistributionZipODRItemStep
2022-10-10 06:46:55 +0000  Skipping step: IDEDistributionZipODRItemStep because it said so
2022-10-10 06:46:55 +0000  Processing step: IDEDistributionCreateIPAStep
2022-10-10 06:46:55 +0000  Running /usr/bin/ditto '-V' '-c' '-k' '--norsrc' '/var/folders/55/wbyfxh010bqbcgz_bhnf4vd00000gn/T/XcodeDistPipeline.~~~dnnvBG/Root' '/var/folders/55/wbyfxh010bqbcgz_bhnf4vd00000gn/T/XcodeDistPipeline.~~~dnnvBG/Packages/boogi-iOS-MVVM.ipa'
2022-10-10 06:46:55 +0000  >>> Copying /var/folders/55/wbyfxh010bqbcgz_bhnf4vd00000gn/T/XcodeDistPipeline.~~~dnnvBG/Root 
2022-10-10 06:46:55 +0000  copying file ./BCSymbolMaps/53CC2B77-C099-3720-9D4F-84CF0D8B0A47.bcsymbolmap ... 
2022-10-10 06:46:55 +0000  1162220 bytes for ./BCSymbolMaps/53CC2B77-C099-3720-9D4F-84CF0D8B0A47.bcsymbolmap
2022-10-10 06:46:55 +0000  copying file ./Payload/boogi-iOS-MVVM.app/_CodeSignature/CodeResources ... 
2022-10-10 06:46:55 +0000  4305 bytes for ./Payload/boogi-iOS-MVVM.app/_CodeSignature/CodeResources
2022-10-10 06:46:55 +0000  copying file ./Payload/boogi-iOS-MVVM.app/Base.lproj/Main.storyboardc/UIViewController-BYZ-38-t0r.nib ... 
2022-10-10 06:46:55 +0000  938 bytes for ./Payload/boogi-iOS-MVVM.app/Base.lproj/Main.storyboardc/UIViewController-BYZ-38-t0r.nib
2022-10-10 06:46:55 +0000  copying file ./Payload/boogi-iOS-MVVM.app/Base.lproj/Main.storyboardc/BYZ-38-t0r-view-8bC-Xf-vdC.nib ... 
2022-10-10 06:46:55 +0000  1197 bytes for ./Payload/boogi-iOS-MVVM.app/Base.lproj/Main.storyboardc/BYZ-38-t0r-view-8bC-Xf-vdC.nib
copying file ./Payload/boogi-iOS-MVVM.app/Base.lproj/Main.storyboardc/Info.plist ... 
2022-10-10 06:46:55 +0000  258 bytes for ./Payload/boogi-iOS-MVVM.app/Base.lproj/Main.storyboardc/Info.plist
2022-10-10 06:46:55 +0000  copying file ./Payload/boogi-iOS-MVVM.app/Base.lproj/LaunchScreen.storyboardc/01J-lp-oVM-view-Ze5-6b-2t3.nib ... 
2022-10-10 06:46:55 +0000  1197 bytes for ./Payload/boogi-iOS-MVVM.app/Base.lproj/LaunchScreen.storyboardc/01J-lp-oVM-view-Ze5-6b-2t3.nib
2022-10-10 06:46:55 +0000  copying file ./Payload/boogi-iOS-MVVM.app/Base.lproj/LaunchScreen.storyboardc/UIViewController-01J-lp-oVM.nib ... 
2022-10-10 06:46:55 +0000  896 bytes for ./Payload/boogi-iOS-MVVM.app/Base.lproj/LaunchScreen.storyboardc/UIViewController-01J-lp-oVM.nib
2022-10-10 06:46:55 +0000  copying file ./Payload/boogi-iOS-MVVM.app/Base.lproj/LaunchScreen.storyboardc/Info.plist ... 
2022-10-10 06:46:55 +0000  258 bytes for ./Payload/boogi-iOS-MVVM.app/Base.lproj/LaunchScreen.storyboardc/Info.plist
copying file ./Payload/boogi-iOS-MVVM.app/README.md ... 
2022-10-10 06:46:55 +0000  116 bytes for ./Payload/boogi-iOS-MVVM.app/README.md
copying file ./Payload/boogi-iOS-MVVM.app/.gitignore ... 
2022-10-10 06:46:55 +0000  5758 bytes for ./Payload/boogi-iOS-MVVM.app/.gitignore
2022-10-10 06:46:55 +0000  copying file ./Payload/boogi-iOS-MVVM.app/embedded.mobileprovision ... 
2022-10-10 06:46:55 +0000  14242 bytes for ./Payload/boogi-iOS-MVVM.app/embedded.mobileprovision
2022-10-10 06:46:55 +0000  copying file ./Payload/boogi-iOS-MVVM.app/boogi-iOS-MVVM ... 
2022-10-10 06:46:55 +0000  4300320 bytes for ./Payload/boogi-iOS-MVVM.app/boogi-iOS-MVVM
copying file ./Payload/boogi-iOS-MVVM.app/Info.plist ... 
2022-10-10 06:46:55 +0000  1483 bytes for ./Payload/boogi-iOS-MVVM.app/Info.plist
copying file ./Payload/boogi-iOS-MVVM.app/PkgInfo ... 
8 bytes for ./Payload/boogi-iOS-MVVM.app/PkgInfo
2022-10-10 06:46:55 +0000  /usr/bin/ditto exited with 0
2022-10-10 06:46:55 +0000  Processing step: IDEDistributionAppStoreInformationStep
2022-10-10 06:46:55 +0000  Skipping step: IDEDistributionAppStoreInformationStep because it said so
2022-10-10 06:46:55 +0000  Processing step: IDEDistributionGenerateProcessedDistributionItems
2022-10-10 06:46:55 +0000  IDEDistributionItem init <DVTFilePath:0x515c65570:'/var/folders/55/wbyfxh010bqbcgz_bhnf4vd00000gn/T/XcodeDistPipeline.~~~dnnvBG/Root/Payload/boogi-iOS-MVVM.app'>
2022-10-10 06:46:55 +0000  Processing step: IDEDistributionCreateManifestStep
2022-10-10 06:46:55 +0000  Skipping step: IDEDistributionCreateManifestStep because it said so
